<?xml version="1.0" encoding="UTF-8"?>
<testsuite xmlns:xsi="http://www.w3.org/2001/XMLSchema-instance" xsi:noNamespaceSchemaLocation="https://maven.apache.org/surefire/maven-surefire-plugin/xsd/surefire-test-report.xsd" name="com.chatseguro.ConexionManagerTest" time="0.849" tests="1" errors="1" skipped="0" failures="0">
  <properties>
[...]
</properties>
  <testcase name="testConexionClienteServidorYEnvioMensaje" classname="com.chatseguro.ConexionManagerTest" time="0.758">
    <error message="Inappropriate key specification" type="java.security.spec.InvalidKeySpecException">java.security.spec.InvalidKeySpecException: Inappropriate key specification
	at com.chatseguro.ConexionManagerTest.testConexionClienteServidorYEnvioMensaje(ConexionManagerTest.java:41)
Caused by: java.security.InvalidKeyException: Invalid encoding
	at com.chatseguro.ConexionManagerTest.testConexionClienteServidorYEnvioMensaje(ConexionManagerTest.java:41)
Caused by: java.io.EOFException: not enough content
	at com.chatseguro.ConexionManagerTest.testConexionClienteServidorYEnvioMensaje(ConexionManagerTest.java:41)
</error>
    <system-out><![CDATA[Esperando conexión en el puerto 5001...
Conexión aceptada desde /127.0.0.1
Conectando a localhost:5001
]]></system-out>
    <system-err><![CDATA[java.security.spec.InvalidKeySpecException: Inappropriate key specification
	at java.base/com.sun.crypto.provider.DHKeyFactory.engineGeneratePublic(DHKeyFactory.java:86)
	at java.base/java.security.KeyFactory.generatePublic(KeyFactory.java:351)
	at com.chatseguro.crypto.DHKeyExchange.doPhase(DHKeyExchange.java:54)
	at com.chatseguro.net.ConexionManager.establecerConexionSegura(ConexionManager.java:55)
	at com.chatseguro.net.ConexionManager.iniciarComoServidor(ConexionManager.java:37)
	at com.chatseguro.ConexionManagerTest.lambda$testConexionClienteServidorYEnvioMensaje$0(ConexionManagerTest.java:23)
	at java.base/java.util.concurrent.Executors$RunnableAdapter.call(Executors.java:539)
	at java.base/java.util.concurrent.FutureTask.run(FutureTask.java:264)
	at java.base/java.util.concurrent.ThreadPoolExecutor.runWorker(ThreadPoolExecutor.java:1136)
	at java.base/java.util.concurrent.ThreadPoolExecutor$Worker.run(ThreadPoolExecutor.java:635)
	at java.base/java.lang.Thread.run(Thread.java:842)
Caused by: java.security.InvalidKeyException: Invalid encoding
	at java.base/com.sun.crypto.provider.DHPublicKey.<init>(DHPublicKey.java:245)
	at java.base/com.sun.crypto.provider.DHKeyFactory.engineGeneratePublic(DHKeyFactory.java:79)
	... 10 more
Caused by: java.io.EOFException: not enough content
	at java.base/sun.security.util.DerValue.<init>(DerValue.java:425)
	at java.base/sun.security.util.DerValue.<init>(DerValue.java:340)
	at java.base/com.sun.crypto.provider.DHPublicKey.decode(DHPublicKey.java:98)
	at java.base/com.sun.crypto.provider.DHPublicKey.<init>(DHPublicKey.java:243)
	... 11 more
]]></system-err>
  </testcase>
</testsuite>