<?xml version="1.0" encoding="UTF-8"?>
<testsuite xmlns:xsi="http://www.w3.org/2001/XMLSchema-instance" xsi:noNamespaceSchemaLocation="https://maven.apache.org/surefire/maven-surefire-plugin/xsd/surefire-test-report.xsd" name="com.chatseguro.AESManagerTest" time="0.246" tests="1" errors="0" skipped="0" failures="1">
  <properties>
[...]
</properties>
  <testcase name="testEncryptDecrypt" classname="com.chatseguro.AESManagerTest" time="0.175">
    <failure message="Este es un mensaje secreto expected:&lt;E[ste es un mensaje secreto]&gt; but was:&lt;E[l mensaje descifrado debe coincidir con el original]&gt;" type="org.junit.ComparisonFailure"><![CDATA[org.junit.ComparisonFailure: Este es un mensaje secreto expected:<E[ste es un mensaje secreto]> but was:<E[l mensaje descifrado debe coincidir con el original]>
	at com.chatseguro.AESManagerTest.testEncryptDecrypt(AESManagerTest.java:27)
]]></failure>
  </testcase>
</testsuite>